[0909/000307.398:ERROR:process_reader_win.cc(123)] NtOpenThread: {액세스 거부} 프로세스가 개체에 액세스를 요구했지만 액세스 권한이 없습니다. (0xc0000022)
[0909/000307.400:ERROR:exception_snapshot_win.cc(99)] thread ID 14032 not found in process
[0909/000307.979:ERROR:process_reader_win.cc(123)] NtOpenThread: {액세스 거부} 프로세스가 개체에 액세스를 요구했지만 액세스 권한이 없습니다. (0xc0000022)
[0909/000307.979:ERROR:exception_snapshot_win.cc(99)] thread ID 28184 not found in process
[0909/145417.105:ERROR:process_reader_win.cc(151)] SuspendThread: 액세스가 거부되었습니다. (0x5)
[0909/145417.107:ERROR:process_reader_win.cc(123)] NtOpenThread: {액세스 거부} 프로세스가 개체에 액세스를 요구했지만 액세스 권한이 없습니다. (0xc0000022)
[0909/145417.113:ERROR:exception_snapshot_win.cc(99)] thread ID 24380 not found in process
[0909/145417.436:ERROR:process_reader_win.cc(123)] NtOpenThread: {액세스 거부} 프로세스가 개체에 액세스를 요구했지만 액세스 권한이 없습니다. (0xc0000022)
[0909/145417.436:ERROR:exception_snapshot_win.cc(99)] thread ID 34692 not found in process
[0909/145418.419:ERROR:process_reader_win.cc(123)] NtOpenThread: {액세스 거부} 프로세스가 개체에 액세스를 요구했지만 액세스 권한이 없습니다. (0xc0000022)
[0909/145418.422:ERROR:exception_snapshot_win.cc(99)] thread ID 24560 not found in process
[0909/173309.972:ERROR:process_reader_win.cc(123)] NtOpenThread: {액세스 거부} 프로세스가 개체에 액세스를 요구했지만 액세스 권한이 없습니다. (0xc0000022)
[0909/173309.973:ERROR:exception_snapshot_win.cc(99)] thread ID 10156 not found in process
[0909/173315.276:ERROR:process_reader_win.cc(123)] NtOpenThread: {액세스 거부} 프로세스가 개체에 액세스를 요구했지만 액세스 권한이 없습니다. (0xc0000022)
[0909/173315.278:ERROR:exception_snapshot_win.cc(99)] thread ID 32276 not found in process
[0909/173315.278:ERROR:scoped_process_suspend.cc(40)] NtResumeProcess: 기존 프로세스에 액세스하려고 했습니다. (0xc000010a)
[0909/173315.706:ERROR:process_reader_win.cc(123)] NtOpenThread: {액세스 거부} 프로세스가 개체에 액세스를 요구했지만 액세스 권한이 없습니다. (0xc0000022)
[0909/173315.706:ERROR:exception_snapshot_win.cc(99)] thread ID 33400 not found in process
[1009/180224.069:ERROR:directory_reader_win.cc(43)] FindFirstFile: 지정된 경로를 찾을 수 없습니다. (0x3)
[1009/185327.418:ERROR:process_reader_win.cc(123)] NtOpenThread: {액세스 거부} 프로세스가 개체에 액세스를 요구했지만 액세스 권한이 없습니다. (0xc0000022)
[1009/185327.419:ERROR:exception_snapshot_win.cc(99)] thread ID 16184 not found in process
